<?xml version="1.0" encoding="UTF-8"?>
<testng-results skipped="0" failed="0" ignored="0" total="1" passed="1">
  <reporter-output>
  </reporter-output>
  <suite name="Default suite" duration-ms="3069" started-at="2020-03-31T02:59:47Z" finished-at="2020-03-31T02:59:50Z">
    <groups>
    </groups>
    <test name="Default test" duration-ms="3069" started-at="2020-03-31T02:59:47Z" finished-at="2020-03-31T02:59:50Z">
      <class name="RestAssuredpractice.Postrequestregisteration">
        <test-method status="PASS" signature="getstockDetails()[pri:0, instance:RestAssuredpractice.Postrequestregisteration@cb5822]" name="getstockDetails" duration-ms="3021" started-at="2020-03-31T02:59:47Z" finished-at="2020-03-31T02:59:50Z">
          <reporter-output>
          </reporter-output>
        </test-method> <!-- getstockDetails -->
      </class> <!-- RestAssuredpractice.Postrequestregisteration -->
    </test> <!-- Default test -->
  </suite> <!-- Default suite -->
</testng-results>
